117 [3604] INFO perfrun.launcher <> - Launcher main begin
124 [3604] INFO perfrun.launcher <> - MessageCatalogInit finished
124 [3604] INFO perfrun.launcher <> - Launcher instance created
124 [3604] INFO perfrun.launcher <> - argc = 7; cmdline = C:\Program Files (x86)\Intel\oneAPI\vtune\latest\bin64\amplxe-runss.exe --ui-output-format xml --ui-output-fd 1320 --option-file D:\QBVH-Rust-Ray-Tracer-master\raytracer\r002hs\config\runss.options 
149 [3604] INFO perfrun.launcher <> - New signal handler callback was added
251 [3604] INFO perfrun.launcher <> - create msngr2::ICliToolContext
252 [3604] INFO perfrun.launcher <> - create file finder object
252 [3604] INFO perfrun.launcher <> - create a result directory: pattern = D:\QBVH-Rust-Ray-Tracer-master\raytracer\r002hs pid = 4294967295
256 [3604] INFO perfrun.launcher <> - create data directory = D:\QBVH-Rust-Ray-Tracer-master\raytracer\r002hs\data.0
257 [3604] INFO perfrun.launcher <> - Creating the master collection flag
287 [3604] INFO perfrun.launcher <> - Done creating the master collection flag
288 [27260] INFO perfrun.launcher <> - plugin [remoteplug] was disabled because it doesn't support the given collection type.
288 [27260] INFO perfrun.sdk <> - Allocating TMU :D:\QBVH-Rust-Ray-Tracer-master\raytracer\r002hs\data.0\systemcollector-29164-DESKTOP-22B0NE3.sc
289 [27260] INFO perfrun.launcher <> - plugin [] was disabled because it doesn't support the given collection type.
294 [27260] INFO perfrun.launcher <> - plugin [] was disabled because it doesn't support the given collection type.
294 [27260] INFO perfrun.launcher <> - plugin [gpu] was disabled because it doesn't support the given collection type.
294 [27260] INFO perfrun.launcher <> - plugin [etw.kernel] was disabled because it doesn't support the given collection type.
294 [27260] INFO perfrun.launcher <> - plugin [etw.dx] was disabled because it doesn't support the given collection type.
294 [27260] INFO perfrun.launcher <> - plugin [etw.wsa] was disabled because it doesn't support the given collection type.
294 [27260] INFO perfrun.mrte <> - system-wide mode is 0
294 [27260] INFO perfrun.mrte <> - Getting  mrte profiling environment ...
454 [27260] INFO perfrun.mrte <> - INTEL_MRTE_DATA_DIR=D:\QBVH-Rust-Ray-Tracer-master\raytracer\r002hs\data.0
454 [27260] INFO perfrun.mrte <> - INTEL_MRTE_HOST_NAME=DESKTOP-22B0NE3
454 [27260] INFO perfrun.mrte <> - JAVA_TOOL_OPTIONS=-agentlib:amplxe_tpssmrte_javaprof_1.0
454 [27260] INFO perfrun.mrte <> - PATH=C:\Program Files (x86)\Intel\oneAPI\vtune\latest\bin32\runtime;C:\Program Files (x86)\Intel\oneAPI\vtune\latest\bin64\runtime;C:\Program Files\NVIDIA GPU Computing Toolkit\CUDA\v11.8\bin;C:\Program Files\NVIDIA GPU Computing Toolkit\CUDA\v11.8\libnvvp;C:\Program Files (x86)\Common Files\Oracle\Java\javapath;C:\Program Files (x86)\Common Files\Intel\Shared Libraries\redist\intel64\compiler;C:\Program Files (x86)\Intel\iCLS Client\;C:\Program Files\Intel\iCLS Client\;C:\Windows\system32;C:\Windows;C:\Windows\System32\Wbem;C:\Windows\System32\WindowsPowerShell\v1.0\;C:\Program Files (x86)\NVIDIA Corporation\PhysX\Common;C:\Program Files\Intel\WiFi\bin\;C:\Program Files\Common Files\Intel\WirelessCommon\;C:\Program Files (x86)\Intel\Intel(R) Management Engine Components\DAL;C:\Program Files\Intel\Intel(R) Management Engine Components\DAL;C:\Program Files (x86)\Intel\Intel(R) Management Engine Components\IPT;C:\Program Files\Intel\Intel(R) Management Engine Components\IPT;C:\WINDOWS\system32;C:\WINDOWS;C:\WINDOWS\System32\Wbem;C:\WINDOWS\System32\WindowsPowerShell\v1.0\;C:\WINDOWS\System32\OpenSSH\;C:\Program Files\MATLAB\R2018b\bin;C:\Program Files\NVIDIA Corporation\NVIDIA NvDLISR;C:\WINDOWS\system32;C:\WINDOWS;C:\WINDOWS\System32\Wbem;C:\WINDOWS\System32\WindowsPowerShell\v1.0\;C:\WINDOWS\System32\OpenSSH\;C:\Program Files\nodejs\;C:\Program Files\Git\cmd;C:\Program Files (x86)\Microsoft Visual Studio\2019\BuildTools\Common7\IDE\CommonExtensions\Microsoft\CMake\CMake\bin;C:\Program Files\Git LFS;C:\Program Files\dotnet\;C:\ProgramData\chocolatey\bin;;D:\Docker\resources\bin;C:\Users\migue\AppData\Local\Programs\Python\Python311\Scripts\;C:\Users\migue\AppData\Local\Programs\Python\Python311\;C:\Users\migue\.cargo\bin;D:\Programas\Microchip\mplabc18\v3.40\mpasm;D:\Programas\Microchip\mplabc18\v3.40\bin;C:\Users\migue\AppData\Local\Microsoft\WindowsApps;C:\Program Files\Intel\WiFi\bin\;C:\Program Files\Common Files\Intel\WirelessCommon\;C:\Users\migue\AppData\Local\Programs\Python\Python38-32;C:\Users\migue\AppData\Local\Programs\Python\Python38-32\Scripts;C:\Users\migue\PythonScripts;C:\Users\migue\AppData\Local\Programs\Microsoft VS Code\bin;C:\Users\migue\AppData\Roaming\npm;C:\Program Files\Git\bin;C:\Program Files (x86)\Microsoft Visual Studio\2019\BuildTools\Common7\IDE\CommonExtensions\Microsoft\CMake\CMake\bin;C:\Program Files\libtorch\lib;C:\ffmpeg\bin;C:\hawc2-win32-master;C:\Users\migue\AppData\Local\spicetify;D:\Programas\miktex\miktex\bin\x64\;C:\Program Files\Inkscape;
455 [27260] INFO perfrun.mrte <> - COR_ENABLE_PROFILING=1
455 [27260] INFO perfrun.mrte <> - COR_PROFILER={AA5E4821-E3B1-479c-B7FF-5AD047D22CED}
455 [27260] INFO perfrun.mrte <> - COMPLUS_ProfAPI_ProfilerCompatibilitySetting=EnableV2Profiler
455 [27260] INFO perfrun.mrte <> - CORECLR_ENABLE_PROFILING=1
455 [27260] INFO perfrun.mrte <> - CORECLR_PROFILER={AA5E4821-E3B1-479c-B7FF-5AD047D22CED}
455 [27260] INFO perfrun.mrte <> - CORECLR_PROFILER_PATH=C:\Program Files (x86)\Intel\oneAPI\vtune\latest\bin64/amplxe_samplingmrte_clrprof_1.0.dll
455 [27260] INFO perfrun.mrte <> - INTEL_MRTE_PROFILER_MODE=mixed
455 [27260] INFO perfrun.mrte <> - Data directory: D:\QBVH-Rust-Ray-Tracer-master\raytracer\r002hs\data.0
455 [27260] INFO perfrun.mrte <> - Mrte plugin is initialized
455 [27260] INFO perfrun.launcher <> - plugin [emon] was disabled because it doesn't support the given collection type.
456 [27260] INFO perfrun.launcher <> - plugin [cuscol] was disabled because it doesn't support the given collection type.
456 [27260] INFO perfrun.launcher <> - plugin [stdsrc] was disabled because it doesn't support the given collection type.
456 [27260] INFO perfrun.launcher <> - plugin [sep] was disabled because it doesn't support the given collection type.
456 [27260] INFO perfrun.launcher <> - plugin [vtsspp] was disabled because it doesn't support the given collection type.
456 [27260] INFO perfrun.launcher <> - plugin [] was disabled because it doesn't support the given collection type.
456 [27260] INFO perfrun.launcher <> - plugin [aoclprofile] was disabled because it doesn't support the given collection type.
456 [27260] INFO perfrun.tpss <> - initialize tpss controller
456 [27260] INFO perfrun.tpss <> - configure collection mode: value = cpu:counters:nostack
457 [27260] INFO perfrun.tpss <> - configure collection mode: value = cpu:stack
457 [27260] INFO perfrun.tpss <> - default obj-size-min=1024
457 [27260] INFO perfrun.tpss <> - default hash-table-size=0
457 [27260] INFO perfrun.launcher <> - plugin [] was disabled because it doesn't support the given collection type.
457 [27260] INFO perfrun.launcher <> - plugin [] was disabled because it doesn't support the given collection type.
457 [27260] INFO perfrun.launcher <> - plugin [] was disabled because it doesn't support the given collection type.
457 [27260] INFO perfrun.launcher <> - plugin [] was disabled because it doesn't support the given collection type.
457 [27260] INFO perfrun.launcher <> - plugin [power] was disabled because it doesn't support the given collection type.
457 [27260] INFO perfrun.launcher <> - plugin [hwloc] was disabled because it doesn't support the given collection type.
457 [27260] INFO perfrun.launcher <> - plugin [ipmwatch] was disabled because it doesn't support the given collection type.
457 [27260] INFO perfrun.launcher <> - plugin [os_counters] was disabled because it doesn't support the given collection type.
457 [27260] INFO perfrun.launcher <> - plugin [l0_metrics] was disabled because it doesn't support the given collection type.
457 [3604] INFO perfrun.launcher <> - set environment variable: PATH = C:\Program Files (x86)\Intel\oneAPI\vtune\latest\bin32\runtime;C:\Program Files (x86)\Intel\oneAPI\vtune\latest\bin64\runtime;C:\Program Files\NVIDIA GPU Computing Toolkit\CUDA\v11.8\bin;C:\Program Files\NVIDIA GPU Computing Toolkit\CUDA\v11.8\libnvvp;C:\Program Files (x86)\Common Files\Oracle\Java\javapath;C:\Program Files (x86)\Common Files\Intel\Shared Libraries\redist\intel64\compiler;C:\Program Files (x86)\Intel\iCLS Client\;C:\Program Files\Intel\iCLS Client\;C:\Windows\system32;C:\Windows;C:\Windows\System32\Wbem;C:\Windows\System32\WindowsPowerShell\v1.0\;C:\Program Files (x86)\NVIDIA Corporation\PhysX\Common;C:\Program Files\Intel\WiFi\bin\;C:\Program Files\Common Files\Intel\WirelessCommon\;C:\Program Files (x86)\Intel\Intel(R) Management Engine Components\DAL;C:\Program Files\Intel\Intel(R) Management Engine Components\DAL;C:\Program Files (x86)\Intel\Intel(R) Management Engine Components\IPT;C:\Program Files\Intel\Intel(R) Management Engine Components\IPT;C:\WINDOWS\system32;C:\WINDOWS;C:\WINDOWS\System32\Wbem;C:\WINDOWS\System32\WindowsPowerShell\v1.0\;C:\WINDOWS\System32\OpenSSH\;C:\Program Files\MATLAB\R2018b\bin;C:\Program Files\NVIDIA Corporation\NVIDIA NvDLISR;C:\WINDOWS\system32;C:\WINDOWS;C:\WINDOWS\System32\Wbem;C:\WINDOWS\System32\WindowsPowerShell\v1.0\;C:\WINDOWS\System32\OpenSSH\;C:\Program Files\nodejs\;C:\Program Files\Git\cmd;C:\Program Files (x86)\Microsoft Visual Studio\2019\BuildTools\Common7\IDE\CommonExtensions\Microsoft\CMake\CMake\bin;C:\Program Files\Git LFS;C:\Program Files\dotnet\;C:\ProgramData\chocolatey\bin;;D:\Docker\resources\bin;C:\Users\migue\AppData\Local\Programs\Python\Python311\Scripts\;C:\Users\migue\AppData\Local\Programs\Python\Python311\;C:\Users\migue\.cargo\bin;D:\Programas\Microchip\mplabc18\v3.40\mpasm;D:\Programas\Microchip\mplabc18\v3.40\bin;C:\Users\migue\AppData\Local\Microsoft\WindowsApps;C:\Program Files\Intel\WiFi\bin\;C:\Program Files\Common Files\Intel\WirelessCommon\;C:\Users\migue\AppData\Local\Programs\Python\Python38-32;C:\Users\migue\AppData\Local\Programs\Python\Python38-32\Scripts;C:\Users\migue\PythonScripts;C:\Users\migue\AppData\Local\Programs\Microsoft VS Code\bin;C:\Users\migue\AppData\Roaming\npm;C:\Program Files\Git\bin;C:\Program Files (x86)\Microsoft Visual Studio\2019\BuildTools\Common7\IDE\CommonExtensions\Microsoft\CMake\CMake\bin;C:\Program Files\libtorch\lib;C:\ffmpeg\bin;C:\hawc2-win32-master;C:\Users\migue\AppData\Local\spicetify;D:\Programas\miktex\miktex\bin\x64\;C:\Program Files\Inkscape;
458 [3604] INFO perfrun.launcher <> - set environment variable: INTEL_LIBITTNOTIFY32 = C:\Program Files (x86)\Intel\oneAPI\vtune\latest\bin32\runtime\ittnotify_collector.dll
458 [3604] INFO perfrun.launcher <> - set environment variable: INTEL_LIBITTNOTIFY64 = C:\Program Files (x86)\Intel\oneAPI\vtune\latest\bin64\runtime\ittnotify_collector.dll
458 [3604] INFO perfrun.launcher <> - set environment variable: INTEL_ITTNOTIFY_GROUPS = 
459 [3604] INFO perfrun.launcher <> - set environment variable: INTEL_JIT_PROFILER32 = C:\Program Files (x86)\Intel\oneAPI\vtune\latest\bin32\runtime\ittnotify_collector.dll
459 [3604] INFO perfrun.launcher <> - set environment variable: INTEL_JIT_PROFILER64 = C:\Program Files (x86)\Intel\oneAPI\vtune\latest\bin64\runtime\ittnotify_collector.dll
459 [3604] INFO perfrun.launcher <> - set environment variable: VS_PROFILER = ittnotify_collector.dll
459 [3604] INFO perfrun.launcher <> - set environment variable: OMP_TOOL_LIBRARIES = C:\Program Files (x86)\Intel\oneAPI\vtune\latest\bin32\runtime\ittnotify_collector.dll;C:\Program Files (x86)\Intel\oneAPI\vtune\latest\bin64\runtime\ittnotify_collector.dll
459 [3604] INFO perfrun.launcher <> - set environment variable: ENABLE_JITPROFILING = 1
459 [3604] INFO perfrun.launcher <> - set environment variable: CL_CONFIG_USE_VTUNE = True
459 [3604] INFO perfrun.launcher <> - set environment variable: KMP_FORKJOIN_FRAMES = 0
460 [3604] INFO perfrun.launcher <> - set environment variable: KMP_FORKJOIN_FRAMES_MODE = 0
460 [3604] INFO perfrun.launcher <> - set environment variable: OMP_TOOL = disabled
460 [3604] INFO perfrun.launcher <> - set environment variable: INTEL_MRTE_DATA_DIR = D:\QBVH-Rust-Ray-Tracer-master\raytracer\r002hs\data.0
460 [3604] INFO perfrun.launcher <> - set environment variable: INTEL_MRTE_HOST_NAME = DESKTOP-22B0NE3
460 [3604] INFO perfrun.launcher <> - set environment variable: JAVA_TOOL_OPTIONS = -agentlib:amplxe_tpssmrte_javaprof_1.0
462 [3604] INFO perfrun.launcher <> - set environment variable: PATH = C:\Program Files (x86)\Intel\oneAPI\vtune\latest\bin32\runtime;C:\Program Files (x86)\Intel\oneAPI\vtune\latest\bin64\runtime;C:\Program Files\NVIDIA GPU Computing Toolkit\CUDA\v11.8\bin;C:\Program Files\NVIDIA GPU Computing Toolkit\CUDA\v11.8\libnvvp;C:\Program Files (x86)\Common Files\Oracle\Java\javapath;C:\Program Files (x86)\Common Files\Intel\Shared Libraries\redist\intel64\compiler;C:\Program Files (x86)\Intel\iCLS Client\;C:\Program Files\Intel\iCLS Client\;C:\Windows\system32;C:\Windows;C:\Windows\System32\Wbem;C:\Windows\System32\WindowsPowerShell\v1.0\;C:\Program Files (x86)\NVIDIA Corporation\PhysX\Common;C:\Program Files\Intel\WiFi\bin\;C:\Program Files\Common Files\Intel\WirelessCommon\;C:\Program Files (x86)\Intel\Intel(R) Management Engine Components\DAL;C:\Program Files\Intel\Intel(R) Management Engine Components\DAL;C:\Program Files (x86)\Intel\Intel(R) Management Engine Components\IPT;C:\Program Files\Intel\Intel(R) Management Engine Components\IPT;C:\WINDOWS\system32;C:\WINDOWS;C:\WINDOWS\System32\Wbem;C:\WINDOWS\System32\WindowsPowerShell\v1.0\;C:\WINDOWS\System32\OpenSSH\;C:\Program Files\MATLAB\R2018b\bin;C:\Program Files\NVIDIA Corporation\NVIDIA NvDLISR;C:\WINDOWS\system32;C:\WINDOWS;C:\WINDOWS\System32\Wbem;C:\WINDOWS\System32\WindowsPowerShell\v1.0\;C:\WINDOWS\System32\OpenSSH\;C:\Program Files\nodejs\;C:\Program Files\Git\cmd;C:\Program Files (x86)\Microsoft Visual Studio\2019\BuildTools\Common7\IDE\CommonExtensions\Microsoft\CMake\CMake\bin;C:\Program Files\Git LFS;C:\Program Files\dotnet\;C:\ProgramData\chocolatey\bin;;D:\Docker\resources\bin;C:\Users\migue\AppData\Local\Programs\Python\Python311\Scripts\;C:\Users\migue\AppData\Local\Programs\Python\Python311\;C:\Users\migue\.cargo\bin;D:\Programas\Microchip\mplabc18\v3.40\mpasm;D:\Programas\Microchip\mplabc18\v3.40\bin;C:\Users\migue\AppData\Local\Microsoft\WindowsApps;C:\Program Files\Intel\WiFi\bin\;C:\Program Files\Common Files\Intel\WirelessCommon\;C:\Users\migue\AppData\Local\Programs\Python\Python38-32;C:\Users\migue\AppData\Local\Programs\Python\Python38-32\Scripts;C:\Users\migue\PythonScripts;C:\Users\migue\AppData\Local\Programs\Microsoft VS Code\bin;C:\Users\migue\AppData\Roaming\npm;C:\Program Files\Git\bin;C:\Program Files (x86)\Microsoft Visual Studio\2019\BuildTools\Common7\IDE\CommonExtensions\Microsoft\CMake\CMake\bin;C:\Program Files\libtorch\lib;C:\ffmpeg\bin;C:\hawc2-win32-master;C:\Users\migue\AppData\Local\spicetify;D:\Programas\miktex\miktex\bin\x64\;C:\Program Files\Inkscape;
465 [3604] INFO perfrun.launcher <> - set environment variable: COR_ENABLE_PROFILING = 1
465 [3604] INFO perfrun.launcher <> - set environment variable: COR_PROFILER = {AA5E4821-E3B1-479c-B7FF-5AD047D22CED}
466 [3604] INFO perfrun.launcher <> - set environment variable: COMPLUS_ProfAPI_ProfilerCompatibilitySetting = EnableV2Profiler
466 [3604] INFO perfrun.launcher <> - set environment variable: CORECLR_ENABLE_PROFILING = 1
467 [3604] INFO perfrun.launcher <> - set environment variable: CORECLR_PROFILER = {AA5E4821-E3B1-479c-B7FF-5AD047D22CED}
469 [3604] INFO perfrun.launcher <> - set environment variable: CORECLR_PROFILER_PATH = C:\Program Files (x86)\Intel\oneAPI\vtune\latest\bin64/amplxe_samplingmrte_clrprof_1.0.dll
469 [3604] INFO perfrun.launcher <> - set environment variable: INTEL_MRTE_PROFILER_MODE = mixed
469 [3604] INFO perfrun.launcher <> - RpcServer: run RPC server to handle requests
476 [3604] INFO perfrun.sdk <> - IProcessUtil: the given executable 'D:\QBVH-Rust-Ray-Tracer-master\target\release\raytracer.exe' is valid.
476 [3604] INFO perfrun.launcher <> - Launcher: command line to start before modification = D:\QBVH-Rust-Ray-Tracer-master\target\release\raytracer.exe -s hdri_sun -a 5 -r 480
481 [3604] INFO perfrun.launcher <> - Launcher: command line to start after modification = C:\Program Files (x86)\Intel\oneAPI\vtune\2022.2.0\bin64\pin.exe -error_file D:\QBVH-Rust-Ray-Tracer-master\raytracer\r002hs\data.0\pinerr.tpsslog -detach_reattach -probe -follow_execv -p32 C:\Program Files (x86)\Intel\oneAPI\vtune\latest\bin32\pin.exe -p64 C:\Program Files (x86)\Intel\oneAPI\vtune\latest\bin64\pin.exe -t64 C:\Program Files (x86)\Intel\oneAPI\vtune\latest\bin64\tpsstool.dll -t C:\Program Files (x86)\Intel\oneAPI\vtune\latest\bin32\tpsstool.dll -server_name tpss_ipc.29164 -prd_dir C:\Program Files (x86)\Intel\oneAPI\vtune\2022.2.0 -- D:\QBVH-Rust-Ray-Tracer-master\target\release\raytracer.exe -s hdri_sun -a 5 -r 480
481 [3604] INFO perfrun.launcher <> - ProcessCreator object was created
484 [3604] INFO perfrun.launcher <> - Launcher: the process was started in suspend mode
485 [27260] INFO perfrun.itt <> - start itt controller for pid #28676
487 [27260] INFO perfrun.tpss <> - start tpss controller for pid #28676
550 [3604] INFO perfrun.launcher <> - Launcher: all plugins were started
550 [3604] INFO perfrun.launcher <> - DirectoryMonitor object was created
550 [3604] INFO perfrun.launcher <> - DirectoryMonitor: a callback was added
550 [3604] INFO perfrun.launcher <> - DirectoryMonitor was started with pingTime = 1000
550 [3604] INFO perfrun.launcher <> - DeadlineTimer is going to be constructed
551 [3604] INFO perfrun.launcher <> - DeadlineTimer: a callback was added
932 [3604] INFO perfrun.launcher <> - Launcher: resume the profiled application and  wait its termination or stop command
19210 [3604] INFO perfrun.launcher <> - Launcher: the profiled application was terminated  with exit code = 0
19236 [27260] WARN perfrun.system <> - Only 3 usec accuracy achieved for reference point, at file: C:\BB\INNLphep2w6r\b\tmpraubik\vcs\perfrun1\plugins\system\src\trace_writer.cpp:320
19247 [27260] INFO perfrun.itt <> - detach itt controller
19247 [27260] INFO perfrun.itt <> - detach itt controller done
19247 [27260] INFO perfrun.tpss <> - stop tpss controller
19249 [27260] INFO perfrun.sdk <> - De-allocating TMU: D:\QBVH-Rust-Ray-Tracer-master\raytracer\r002hs\data.0\systemcollector-29164-DESKTOP-22B0NE3.sc
19269 [27260] INFO perfrun.system <> - closed the system trace file: D:\QBVH-Rust-Ray-Tracer-master\raytracer\r002hs\data.0\systemcollector-29164-DESKTOP-22B0NE3.sc
19269 [3604] INFO perfrun.launcher <> - Launcher: all plugins were stopped.
19269 [3604] INFO perfrun.launcher <> - DeadlineTimer is going to be destroyed
19269 [3604] INFO perfrun.launcher <> - DeadlineTimer was destroyed
19270 [3604] INFO perfrun.launcher <> - DirectoryMonitor object was destroyed
19270 [3604] WARN perfrun.launcher <> - Stop command is ignored because it is received when collection is already stopped, at file: C:\BB\INNLphep2w6r\b\tmpraubik\vcs\perfrun1\launcher\src\command_handler.cpp:226
19271 [3604] INFO perfrun.launcher <> - Application exit code: 0
19271 [3604] INFO perfrun.launcher <> - Exit code: 0
