215 [17024] INFO perfrun.launcher <> - Launcher main begin
225 [17024] INFO perfrun.launcher <> - MessageCatalogInit finished
225 [17024] INFO perfrun.launcher <> - Launcher instance created
225 [17024] INFO perfrun.launcher <> - argc = 7; cmdline = C:\Program Files (x86)\Intel\oneAPI\vtune\latest\bin64\amplxe-runss.exe --ui-output-format xml --ui-output-fd 1484 --option-file D:\QBVH-Rust-Ray-Tracer-master\raytracer\r005hs\config\runss.options 
260 [17024] INFO perfrun.launcher <> - New signal handler callback was added
482 [17024] INFO perfrun.launcher <> - create msngr2::ICliToolContext
484 [17024] INFO perfrun.launcher <> - create file finder object
484 [17024] INFO perfrun.launcher <> - create a result directory: pattern = D:\QBVH-Rust-Ray-Tracer-master\raytracer\r005hs pid = 4294967295
496 [17024] INFO perfrun.launcher <> - create data directory = D:\QBVH-Rust-Ray-Tracer-master\raytracer\r005hs\data.0
497 [17024] INFO perfrun.launcher <> - Creating the master collection flag
511 [17024] INFO perfrun.launcher <> - Done creating the master collection flag
512 [16932] INFO perfrun.launcher <> - plugin [remoteplug] was disabled because it doesn't support the given collection type.
512 [16932] INFO perfrun.sdk <> - Allocating TMU :D:\QBVH-Rust-Ray-Tracer-master\raytracer\r005hs\data.0\systemcollector-12676-DESKTOP-22B0NE3.sc
513 [16932] INFO perfrun.launcher <> - plugin [] was disabled because it doesn't support the given collection type.
523 [16932] INFO perfrun.launcher <> - plugin [] was disabled because it doesn't support the given collection type.
523 [16932] INFO perfrun.launcher <> - plugin [gpu] was disabled because it doesn't support the given collection type.
523 [16932] INFO perfrun.launcher <> - plugin [etw.kernel] was disabled because it doesn't support the given collection type.
523 [16932] INFO perfrun.launcher <> - plugin [etw.dx] was disabled because it doesn't support the given collection type.
524 [16932] INFO perfrun.launcher <> - plugin [etw.wsa] was disabled because it doesn't support the given collection type.
524 [16932] INFO perfrun.mrte <> - system-wide mode is 0
524 [16932] INFO perfrun.mrte <> - Getting  mrte profiling environment ...
625 [16932] INFO perfrun.mrte <> - INTEL_MRTE_DATA_DIR=D:\QBVH-Rust-Ray-Tracer-master\raytracer\r005hs\data.0
625 [16932] INFO perfrun.mrte <> - INTEL_MRTE_HOST_NAME=DESKTOP-22B0NE3
625 [16932] INFO perfrun.mrte <> - JAVA_TOOL_OPTIONS=-agentlib:amplxe_tpssmrte_javaprof_1.0
625 [16932] INFO perfrun.mrte <> - PATH=C:\Program Files (x86)\Intel\oneAPI\vtune\latest\bin32\runtime;C:\Program Files (x86)\Intel\oneAPI\vtune\latest\bin64\runtime;C:\Program Files\NVIDIA GPU Computing Toolkit\CUDA\v11.8\bin;C:\Program Files\NVIDIA GPU Computing Toolkit\CUDA\v11.8\libnvvp;C:\Program Files (x86)\Common Files\Oracle\Java\javapath;C:\Program Files (x86)\Common Files\Intel\Shared Libraries\redist\intel64\compiler;C:\Program Files (x86)\Intel\iCLS Client\;C:\Program Files\Intel\iCLS Client\;C:\Windows\system32;C:\Windows;C:\Windows\System32\Wbem;C:\Windows\System32\WindowsPowerShell\v1.0\;C:\Program Files (x86)\NVIDIA Corporation\PhysX\Common;C:\Program Files\Intel\WiFi\bin\;C:\Program Files\Common Files\Intel\WirelessCommon\;C:\Program Files (x86)\Intel\Intel(R) Management Engine Components\DAL;C:\Program Files\Intel\Intel(R) Management Engine Components\DAL;C:\Program Files (x86)\Intel\Intel(R) Management Engine Components\IPT;C:\Program Files\Intel\Intel(R) Management Engine Components\IPT;C:\WINDOWS\system32;C:\WINDOWS;C:\WINDOWS\System32\Wbem;C:\WINDOWS\System32\WindowsPowerShell\v1.0\;C:\WINDOWS\System32\OpenSSH\;C:\Program Files\MATLAB\R2018b\bin;C:\Program Files\NVIDIA Corporation\NVIDIA NvDLISR;C:\WINDOWS\system32;C:\WINDOWS;C:\WINDOWS\System32\Wbem;C:\WINDOWS\System32\WindowsPowerShell\v1.0\;C:\WINDOWS\System32\OpenSSH\;C:\Program Files\nodejs\;C:\Program Files\Git\cmd;C:\Program Files (x86)\Microsoft Visual Studio\2019\BuildTools\Common7\IDE\CommonExtensions\Microsoft\CMake\CMake\bin;C:\Program Files\Git LFS;C:\Program Files\dotnet\;C:\ProgramData\chocolatey\bin;;D:\Docker\resources\bin;C:\Users\migue\AppData\Local\Programs\Python\Python311\Scripts\;C:\Users\migue\AppData\Local\Programs\Python\Python311\;C:\Users\migue\.cargo\bin;D:\Programas\Microchip\mplabc18\v3.40\mpasm;D:\Programas\Microchip\mplabc18\v3.40\bin;C:\Users\migue\AppData\Local\Microsoft\WindowsApps;C:\Users\migue\AppData\Local\Programs\Python\Python38-32;C:\Users\migue\AppData\Local\Programs\Python\Python38-32\Scripts;C:\Users\migue\PythonScripts;C:\Users\migue\AppData\Local\Programs\Microsoft VS Code\bin;C:\Users\migue\AppData\Roaming\npm;C:\Program Files\Git\bin;C:\Program Files\libtorch\lib;C:\ffmpeg\bin;C:\hawc2-win32-master;C:\Users\migue\AppData\Local\spicetify;D:\Programas\miktex\miktex\bin\x64\;C:\Program Files\Inkscape
625 [16932] INFO perfrun.mrte <> - COR_ENABLE_PROFILING=1
625 [16932] INFO perfrun.mrte <> - COR_PROFILER={AA5E4821-E3B1-479c-B7FF-5AD047D22CED}
625 [16932] INFO perfrun.mrte <> - COMPLUS_ProfAPI_ProfilerCompatibilitySetting=EnableV2Profiler
626 [16932] INFO perfrun.mrte <> - CORECLR_ENABLE_PROFILING=1
626 [16932] INFO perfrun.mrte <> - CORECLR_PROFILER={AA5E4821-E3B1-479c-B7FF-5AD047D22CED}
626 [16932] INFO perfrun.mrte <> - CORECLR_PROFILER_PATH=C:\Program Files (x86)\Intel\oneAPI\vtune\latest\bin64/amplxe_samplingmrte_clrprof_1.0.dll
626 [16932] INFO perfrun.mrte <> - INTEL_MRTE_PROFILER_MODE=mixed
626 [16932] INFO perfrun.mrte <> - Data directory: D:\QBVH-Rust-Ray-Tracer-master\raytracer\r005hs\data.0
626 [16932] INFO perfrun.mrte <> - Mrte plugin is initialized
626 [16932] INFO perfrun.launcher <> - plugin [emon] was disabled because it doesn't support the given collection type.
626 [16932] INFO perfrun.launcher <> - plugin [cuscol] was disabled because it doesn't support the given collection type.
626 [16932] INFO perfrun.launcher <> - plugin [stdsrc] was disabled because it doesn't support the given collection type.
626 [16932] INFO perfrun.launcher <> - plugin [sep] was disabled because it doesn't support the given collection type.
626 [16932] INFO perfrun.launcher <> - plugin [vtsspp] was disabled because it doesn't support the given collection type.
626 [16932] INFO perfrun.launcher <> - plugin [] was disabled because it doesn't support the given collection type.
626 [16932] INFO perfrun.launcher <> - plugin [aoclprofile] was disabled because it doesn't support the given collection type.
626 [16932] INFO perfrun.tpss <> - initialize tpss controller
627 [16932] INFO perfrun.tpss <> - configure collection mode: value = cpu:counters:nostack
627 [16932] INFO perfrun.tpss <> - configure collection mode: value = cpu:stack
627 [16932] INFO perfrun.tpss <> - default obj-size-min=1024
627 [16932] INFO perfrun.tpss <> - default hash-table-size=0
627 [16932] INFO perfrun.launcher <> - plugin [] was disabled because it doesn't support the given collection type.
627 [16932] INFO perfrun.launcher <> - plugin [] was disabled because it doesn't support the given collection type.
627 [16932] INFO perfrun.launcher <> - plugin [] was disabled because it doesn't support the given collection type.
627 [16932] INFO perfrun.launcher <> - plugin [] was disabled because it doesn't support the given collection type.
627 [16932] INFO perfrun.launcher <> - plugin [power] was disabled because it doesn't support the given collection type.
627 [16932] INFO perfrun.launcher <> - plugin [hwloc] was disabled because it doesn't support the given collection type.
628 [16932] INFO perfrun.launcher <> - plugin [ipmwatch] was disabled because it doesn't support the given collection type.
628 [16932] INFO perfrun.launcher <> - plugin [os_counters] was disabled because it doesn't support the given collection type.
628 [16932] INFO perfrun.launcher <> - plugin [l0_metrics] was disabled because it doesn't support the given collection type.
629 [17024] INFO perfrun.launcher <> - set environment variable: PATH = C:\Program Files (x86)\Intel\oneAPI\vtune\latest\bin32\runtime;C:\Program Files (x86)\Intel\oneAPI\vtune\latest\bin64\runtime;C:\Program Files\NVIDIA GPU Computing Toolkit\CUDA\v11.8\bin;C:\Program Files\NVIDIA GPU Computing Toolkit\CUDA\v11.8\libnvvp;C:\Program Files (x86)\Common Files\Oracle\Java\javapath;C:\Program Files (x86)\Common Files\Intel\Shared Libraries\redist\intel64\compiler;C:\Program Files (x86)\Intel\iCLS Client\;C:\Program Files\Intel\iCLS Client\;C:\Windows\system32;C:\Windows;C:\Windows\System32\Wbem;C:\Windows\System32\WindowsPowerShell\v1.0\;C:\Program Files (x86)\NVIDIA Corporation\PhysX\Common;C:\Program Files\Intel\WiFi\bin\;C:\Program Files\Common Files\Intel\WirelessCommon\;C:\Program Files (x86)\Intel\Intel(R) Management Engine Components\DAL;C:\Program Files\Intel\Intel(R) Management Engine Components\DAL;C:\Program Files (x86)\Intel\Intel(R) Management Engine Components\IPT;C:\Program Files\Intel\Intel(R) Management Engine Components\IPT;C:\WINDOWS\system32;C:\WINDOWS;C:\WINDOWS\System32\Wbem;C:\WINDOWS\System32\WindowsPowerShell\v1.0\;C:\WINDOWS\System32\OpenSSH\;C:\Program Files\MATLAB\R2018b\bin;C:\Program Files\NVIDIA Corporation\NVIDIA NvDLISR;C:\WINDOWS\system32;C:\WINDOWS;C:\WINDOWS\System32\Wbem;C:\WINDOWS\System32\WindowsPowerShell\v1.0\;C:\WINDOWS\System32\OpenSSH\;C:\Program Files\nodejs\;C:\Program Files\Git\cmd;C:\Program Files (x86)\Microsoft Visual Studio\2019\BuildTools\Common7\IDE\CommonExtensions\Microsoft\CMake\CMake\bin;C:\Program Files\Git LFS;C:\Program Files\dotnet\;C:\ProgramData\chocolatey\bin;;D:\Docker\resources\bin;C:\Users\migue\AppData\Local\Programs\Python\Python311\Scripts\;C:\Users\migue\AppData\Local\Programs\Python\Python311\;C:\Users\migue\.cargo\bin;D:\Programas\Microchip\mplabc18\v3.40\mpasm;D:\Programas\Microchip\mplabc18\v3.40\bin;C:\Users\migue\AppData\Local\Microsoft\WindowsApps;C:\Users\migue\AppData\Local\Programs\Python\Python38-32;C:\Users\migue\AppData\Local\Programs\Python\Python38-32\Scripts;C:\Users\migue\PythonScripts;C:\Users\migue\AppData\Local\Programs\Microsoft VS Code\bin;C:\Users\migue\AppData\Roaming\npm;C:\Program Files\Git\bin;C:\Program Files\libtorch\lib;C:\ffmpeg\bin;C:\hawc2-win32-master;C:\Users\migue\AppData\Local\spicetify;D:\Programas\miktex\miktex\bin\x64\;C:\Program Files\Inkscape
630 [17024] INFO perfrun.launcher <> - set environment variable: INTEL_LIBITTNOTIFY32 = C:\Program Files (x86)\Intel\oneAPI\vtune\latest\bin32\runtime\ittnotify_collector.dll
630 [17024] INFO perfrun.launcher <> - set environment variable: INTEL_LIBITTNOTIFY64 = C:\Program Files (x86)\Intel\oneAPI\vtune\latest\bin64\runtime\ittnotify_collector.dll
630 [17024] INFO perfrun.launcher <> - set environment variable: INTEL_ITTNOTIFY_GROUPS = 
630 [17024] INFO perfrun.launcher <> - set environment variable: INTEL_JIT_PROFILER32 = C:\Program Files (x86)\Intel\oneAPI\vtune\latest\bin32\runtime\ittnotify_collector.dll
630 [17024] INFO perfrun.launcher <> - set environment variable: INTEL_JIT_PROFILER64 = C:\Program Files (x86)\Intel\oneAPI\vtune\latest\bin64\runtime\ittnotify_collector.dll
631 [17024] INFO perfrun.launcher <> - set environment variable: VS_PROFILER = ittnotify_collector.dll
631 [17024] INFO perfrun.launcher <> - set environment variable: OMP_TOOL_LIBRARIES = C:\Program Files (x86)\Intel\oneAPI\vtune\latest\bin32\runtime\ittnotify_collector.dll;C:\Program Files (x86)\Intel\oneAPI\vtune\latest\bin64\runtime\ittnotify_collector.dll
631 [17024] INFO perfrun.launcher <> - set environment variable: ENABLE_JITPROFILING = 1
631 [17024] INFO perfrun.launcher <> - set environment variable: CL_CONFIG_USE_VTUNE = True
631 [17024] INFO perfrun.launcher <> - set environment variable: KMP_FORKJOIN_FRAMES = 0
632 [17024] INFO perfrun.launcher <> - set environment variable: KMP_FORKJOIN_FRAMES_MODE = 0
632 [17024] INFO perfrun.launcher <> - set environment variable: OMP_TOOL = disabled
632 [17024] INFO perfrun.launcher <> - set environment variable: INTEL_MRTE_DATA_DIR = D:\QBVH-Rust-Ray-Tracer-master\raytracer\r005hs\data.0
632 [17024] INFO perfrun.launcher <> - set environment variable: INTEL_MRTE_HOST_NAME = DESKTOP-22B0NE3
632 [17024] INFO perfrun.launcher <> - set environment variable: JAVA_TOOL_OPTIONS = -agentlib:amplxe_tpssmrte_javaprof_1.0
633 [17024] INFO perfrun.launcher <> - set environment variable: PATH = C:\Program Files (x86)\Intel\oneAPI\vtune\latest\bin32\runtime;C:\Program Files (x86)\Intel\oneAPI\vtune\latest\bin64\runtime;C:\Program Files\NVIDIA GPU Computing Toolkit\CUDA\v11.8\bin;C:\Program Files\NVIDIA GPU Computing Toolkit\CUDA\v11.8\libnvvp;C:\Program Files (x86)\Common Files\Oracle\Java\javapath;C:\Program Files (x86)\Common Files\Intel\Shared Libraries\redist\intel64\compiler;C:\Program Files (x86)\Intel\iCLS Client\;C:\Program Files\Intel\iCLS Client\;C:\Windows\system32;C:\Windows;C:\Windows\System32\Wbem;C:\Windows\System32\WindowsPowerShell\v1.0\;C:\Program Files (x86)\NVIDIA Corporation\PhysX\Common;C:\Program Files\Intel\WiFi\bin\;C:\Program Files\Common Files\Intel\WirelessCommon\;C:\Program Files (x86)\Intel\Intel(R) Management Engine Components\DAL;C:\Program Files\Intel\Intel(R) Management Engine Components\DAL;C:\Program Files (x86)\Intel\Intel(R) Management Engine Components\IPT;C:\Program Files\Intel\Intel(R) Management Engine Components\IPT;C:\WINDOWS\system32;C:\WINDOWS;C:\WINDOWS\System32\Wbem;C:\WINDOWS\System32\WindowsPowerShell\v1.0\;C:\WINDOWS\System32\OpenSSH\;C:\Program Files\MATLAB\R2018b\bin;C:\Program Files\NVIDIA Corporation\NVIDIA NvDLISR;C:\WINDOWS\system32;C:\WINDOWS;C:\WINDOWS\System32\Wbem;C:\WINDOWS\System32\WindowsPowerShell\v1.0\;C:\WINDOWS\System32\OpenSSH\;C:\Program Files\nodejs\;C:\Program Files\Git\cmd;C:\Program Files (x86)\Microsoft Visual Studio\2019\BuildTools\Common7\IDE\CommonExtensions\Microsoft\CMake\CMake\bin;C:\Program Files\Git LFS;C:\Program Files\dotnet\;C:\ProgramData\chocolatey\bin;;D:\Docker\resources\bin;C:\Users\migue\AppData\Local\Programs\Python\Python311\Scripts\;C:\Users\migue\AppData\Local\Programs\Python\Python311\;C:\Users\migue\.cargo\bin;D:\Programas\Microchip\mplabc18\v3.40\mpasm;D:\Programas\Microchip\mplabc18\v3.40\bin;C:\Users\migue\AppData\Local\Microsoft\WindowsApps;C:\Users\migue\AppData\Local\Programs\Python\Python38-32;C:\Users\migue\AppData\Local\Programs\Python\Python38-32\Scripts;C:\Users\migue\PythonScripts;C:\Users\migue\AppData\Local\Programs\Microsoft VS Code\bin;C:\Users\migue\AppData\Roaming\npm;C:\Program Files\Git\bin;C:\Program Files\libtorch\lib;C:\ffmpeg\bin;C:\hawc2-win32-master;C:\Users\migue\AppData\Local\spicetify;D:\Programas\miktex\miktex\bin\x64\;C:\Program Files\Inkscape
633 [17024] INFO perfrun.launcher <> - set environment variable: COR_ENABLE_PROFILING = 1
633 [17024] INFO perfrun.launcher <> - set environment variable: COR_PROFILER = {AA5E4821-E3B1-479c-B7FF-5AD047D22CED}
633 [17024] INFO perfrun.launcher <> - set environment variable: COMPLUS_ProfAPI_ProfilerCompatibilitySetting = EnableV2Profiler
634 [17024] INFO perfrun.launcher <> - set environment variable: CORECLR_ENABLE_PROFILING = 1
634 [17024] INFO perfrun.launcher <> - set environment variable: CORECLR_PROFILER = {AA5E4821-E3B1-479c-B7FF-5AD047D22CED}
634 [17024] INFO perfrun.launcher <> - set environment variable: CORECLR_PROFILER_PATH = C:\Program Files (x86)\Intel\oneAPI\vtune\latest\bin64/amplxe_samplingmrte_clrprof_1.0.dll
634 [17024] INFO perfrun.launcher <> - set environment variable: INTEL_MRTE_PROFILER_MODE = mixed
635 [17024] INFO perfrun.launcher <> - RpcServer: run RPC server to handle requests
642 [17024] INFO perfrun.sdk <> - IProcessUtil: the given executable 'D:\QBVH-Rust-Ray-Tracer-master\target\release\raytracer.exe' is valid.
642 [17024] INFO perfrun.launcher <> - Launcher: command line to start before modification = D:\QBVH-Rust-Ray-Tracer-master\target\release\raytracer.exe -s hdri -a 1 -r 480
648 [17024] INFO perfrun.launcher <> - Launcher: command line to start after modification = C:\Program Files (x86)\Intel\oneAPI\vtune\2022.2.0\bin64\pin.exe -error_file D:\QBVH-Rust-Ray-Tracer-master\raytracer\r005hs\data.0\pinerr.tpsslog -detach_reattach -probe -follow_execv -p32 C:\Program Files (x86)\Intel\oneAPI\vtune\latest\bin32\pin.exe -p64 C:\Program Files (x86)\Intel\oneAPI\vtune\latest\bin64\pin.exe -t64 C:\Program Files (x86)\Intel\oneAPI\vtune\latest\bin64\tpsstool.dll -t C:\Program Files (x86)\Intel\oneAPI\vtune\latest\bin32\tpsstool.dll -server_name tpss_ipc.12676 -prd_dir C:\Program Files (x86)\Intel\oneAPI\vtune\2022.2.0 -- D:\QBVH-Rust-Ray-Tracer-master\target\release\raytracer.exe -s hdri -a 1 -r 480
648 [17024] INFO perfrun.launcher <> - ProcessCreator object was created
657 [17024] INFO perfrun.launcher <> - Launcher: the process was started in suspend mode
658 [16932] INFO perfrun.itt <> - start itt controller for pid #5072
660 [16932] INFO perfrun.tpss <> - start tpss controller for pid #5072
717 [17024] INFO perfrun.launcher <> - Launcher: all plugins were started
717 [17024] INFO perfrun.launcher <> - DirectoryMonitor object was created
717 [17024] INFO perfrun.launcher <> - DirectoryMonitor: a callback was added
717 [17024] INFO perfrun.launcher <> - DirectoryMonitor was started with pingTime = 1000
717 [17024] INFO perfrun.launcher <> - DeadlineTimer is going to be constructed
718 [17024] INFO perfrun.launcher <> - DeadlineTimer: a callback was added
728 [17024] INFO perfrun.launcher <> - Launcher: resume the profiled application and  wait its termination or stop command
2336 [17024] INFO perfrun.launcher <> - Launcher: the profiled application was terminated  with exit code = 0
2353 [16932] INFO perfrun.itt <> - detach itt controller
2353 [16932] INFO perfrun.itt <> - detach itt controller done
2353 [16932] INFO perfrun.tpss <> - stop tpss controller
2357 [16932] INFO perfrun.sdk <> - De-allocating TMU: D:\QBVH-Rust-Ray-Tracer-master\raytracer\r005hs\data.0\systemcollector-12676-DESKTOP-22B0NE3.sc
2373 [16932] INFO perfrun.system <> - closed the system trace file: D:\QBVH-Rust-Ray-Tracer-master\raytracer\r005hs\data.0\systemcollector-12676-DESKTOP-22B0NE3.sc
2373 [17024] INFO perfrun.launcher <> - Launcher: all plugins were stopped.
2373 [17024] INFO perfrun.launcher <> - DeadlineTimer is going to be destroyed
2374 [17024] INFO perfrun.launcher <> - DeadlineTimer was destroyed
2374 [17024] INFO perfrun.launcher <> - DirectoryMonitor object was destroyed
2374 [17024] WARN perfrun.launcher <> - Stop command is ignored because it is received when collection is already stopped, at file: C:\BB\INNLphep2w6r\b\tmpraubik\vcs\perfrun1\launcher\src\command_handler.cpp:226
2375 [17024] INFO perfrun.launcher <> - Application exit code: 0
2375 [17024] INFO perfrun.launcher <> - Exit code: 0
