143 [18812] INFO perfrun.launcher <> - Launcher main begin
153 [18812] INFO perfrun.launcher <> - MessageCatalogInit finished
153 [18812] INFO perfrun.launcher <> - Launcher instance created
154 [18812] INFO perfrun.launcher <> - argc = 7; cmdline = C:\Program Files (x86)\Intel\oneAPI\vtune\latest\bin64\amplxe-runss.exe --ui-output-format xml --ui-output-fd 1440 --option-file D:\QBVH-Rust-Ray-Tracer-master\raytracer\r001hs\config\runss.options 
175 [18812] INFO perfrun.launcher <> - New signal handler callback was added
273 [18812] INFO perfrun.launcher <> - create msngr2::ICliToolContext
273 [18812] INFO perfrun.launcher <> - create file finder object
274 [18812] INFO perfrun.launcher <> - create a result directory: pattern = D:\QBVH-Rust-Ray-Tracer-master\raytracer\r001hs pid = 4294967295
279 [18812] INFO perfrun.launcher <> - create data directory = D:\QBVH-Rust-Ray-Tracer-master\raytracer\r001hs\data.0
279 [18812] INFO perfrun.launcher <> - Creating the master collection flag
290 [18812] INFO perfrun.launcher <> - Done creating the master collection flag
291 [29288] INFO perfrun.launcher <> - plugin [remoteplug] was disabled because it doesn't support the given collection type.
291 [29288] INFO perfrun.sdk <> - Allocating TMU :D:\QBVH-Rust-Ray-Tracer-master\raytracer\r001hs\data.0\systemcollector-26380-DESKTOP-22B0NE3.sc
291 [29288] INFO perfrun.launcher <> - plugin [] was disabled because it doesn't support the given collection type.
294 [29288] INFO perfrun.launcher <> - plugin [] was disabled because it doesn't support the given collection type.
294 [29288] INFO perfrun.launcher <> - plugin [gpu] was disabled because it doesn't support the given collection type.
294 [29288] INFO perfrun.launcher <> - plugin [etw.kernel] was disabled because it doesn't support the given collection type.
295 [29288] INFO perfrun.launcher <> - plugin [etw.dx] was disabled because it doesn't support the given collection type.
295 [29288] INFO perfrun.launcher <> - plugin [etw.wsa] was disabled because it doesn't support the given collection type.
295 [29288] INFO perfrun.mrte <> - system-wide mode is 0
295 [29288] INFO perfrun.mrte <> - Getting  mrte profiling environment ...
351 [29288] INFO perfrun.mrte <> - INTEL_MRTE_DATA_DIR=D:\QBVH-Rust-Ray-Tracer-master\raytracer\r001hs\data.0
351 [29288] INFO perfrun.mrte <> - INTEL_MRTE_HOST_NAME=DESKTOP-22B0NE3
351 [29288] INFO perfrun.mrte <> - JAVA_TOOL_OPTIONS=-agentlib:amplxe_tpssmrte_javaprof_1.0
351 [29288] INFO perfrun.mrte <> - PATH=C:\Program Files (x86)\Intel\oneAPI\vtune\latest\bin32\runtime;C:\Program Files (x86)\Intel\oneAPI\vtune\latest\bin64\runtime;C:\Program Files\NVIDIA GPU Computing Toolkit\CUDA\v11.8\bin;C:\Program Files\NVIDIA GPU Computing Toolkit\CUDA\v11.8\libnvvp;C:\Program Files (x86)\Common Files\Oracle\Java\javapath;C:\Program Files (x86)\Common Files\Intel\Shared Libraries\redist\intel64\compiler;C:\Program Files (x86)\Intel\iCLS Client\;C:\Program Files\Intel\iCLS Client\;C:\Windows\system32;C:\Windows;C:\Windows\System32\Wbem;C:\Windows\System32\WindowsPowerShell\v1.0\;C:\Program Files (x86)\NVIDIA Corporation\PhysX\Common;C:\Program Files\Intel\WiFi\bin\;C:\Program Files\Common Files\Intel\WirelessCommon\;C:\Program Files (x86)\Intel\Intel(R) Management Engine Components\DAL;C:\Program Files\Intel\Intel(R) Management Engine Components\DAL;C:\Program Files (x86)\Intel\Intel(R) Management Engine Components\IPT;C:\Program Files\Intel\Intel(R) Management Engine Components\IPT;C:\WINDOWS\system32;C:\WINDOWS;C:\WINDOWS\System32\Wbem;C:\WINDOWS\System32\WindowsPowerShell\v1.0\;C:\WINDOWS\System32\OpenSSH\;C:\Program Files\MATLAB\R2018b\bin;C:\Program Files\NVIDIA Corporation\NVIDIA NvDLISR;C:\WINDOWS\system32;C:\WINDOWS;C:\WINDOWS\System32\Wbem;C:\WINDOWS\System32\WindowsPowerShell\v1.0\;C:\WINDOWS\System32\OpenSSH\;C:\Program Files\nodejs\;C:\Program Files\Git\cmd;C:\Program Files (x86)\Microsoft Visual Studio\2019\BuildTools\Common7\IDE\CommonExtensions\Microsoft\CMake\CMake\bin;C:\Program Files\Git LFS;C:\Program Files\dotnet\;C:\ProgramData\chocolatey\bin;;D:\Docker\resources\bin;C:\Users\migue\AppData\Local\Programs\Python\Python311\Scripts\;C:\Users\migue\AppData\Local\Programs\Python\Python311\;C:\Users\migue\.cargo\bin;D:\Programas\Microchip\mplabc18\v3.40\mpasm;D:\Programas\Microchip\mplabc18\v3.40\bin;C:\Users\migue\AppData\Local\Microsoft\WindowsApps;C:\Program Files\Intel\WiFi\bin\;C:\Program Files\Common Files\Intel\WirelessCommon\;C:\Users\migue\AppData\Local\Programs\Python\Python38-32;C:\Users\migue\AppData\Local\Programs\Python\Python38-32\Scripts;C:\Users\migue\PythonScripts;C:\Users\migue\AppData\Local\Programs\Microsoft VS Code\bin;C:\Users\migue\AppData\Roaming\npm;C:\Program Files\Git\bin;C:\Program Files (x86)\Microsoft Visual Studio\2019\BuildTools\Common7\IDE\CommonExtensions\Microsoft\CMake\CMake\bin;C:\Program Files\libtorch\lib;C:\ffmpeg\bin;C:\hawc2-win32-master;C:\Users\migue\AppData\Local\spicetify;D:\Programas\miktex\miktex\bin\x64\;C:\Program Files\Inkscape;
352 [29288] INFO perfrun.mrte <> - COR_ENABLE_PROFILING=1
352 [29288] INFO perfrun.mrte <> - COR_PROFILER={AA5E4821-E3B1-479c-B7FF-5AD047D22CED}
352 [29288] INFO perfrun.mrte <> - COMPLUS_ProfAPI_ProfilerCompatibilitySetting=EnableV2Profiler
352 [29288] INFO perfrun.mrte <> - CORECLR_ENABLE_PROFILING=1
352 [29288] INFO perfrun.mrte <> - CORECLR_PROFILER={AA5E4821-E3B1-479c-B7FF-5AD047D22CED}
352 [29288] INFO perfrun.mrte <> - CORECLR_PROFILER_PATH=C:\Program Files (x86)\Intel\oneAPI\vtune\latest\bin64/amplxe_samplingmrte_clrprof_1.0.dll
352 [29288] INFO perfrun.mrte <> - INTEL_MRTE_PROFILER_MODE=mixed
352 [29288] INFO perfrun.mrte <> - Data directory: D:\QBVH-Rust-Ray-Tracer-master\raytracer\r001hs\data.0
352 [29288] INFO perfrun.mrte <> - Mrte plugin is initialized
352 [29288] INFO perfrun.launcher <> - plugin [emon] was disabled because it doesn't support the given collection type.
352 [29288] INFO perfrun.launcher <> - plugin [cuscol] was disabled because it doesn't support the given collection type.
352 [29288] INFO perfrun.launcher <> - plugin [stdsrc] was disabled because it doesn't support the given collection type.
353 [29288] INFO perfrun.launcher <> - plugin [sep] was disabled because it doesn't support the given collection type.
353 [29288] INFO perfrun.launcher <> - plugin [vtsspp] was disabled because it doesn't support the given collection type.
353 [29288] INFO perfrun.launcher <> - plugin [] was disabled because it doesn't support the given collection type.
353 [29288] INFO perfrun.launcher <> - plugin [aoclprofile] was disabled because it doesn't support the given collection type.
353 [29288] INFO perfrun.tpss <> - initialize tpss controller
353 [29288] INFO perfrun.tpss <> - configure collection mode: value = cpu:counters:nostack
353 [29288] INFO perfrun.tpss <> - configure collection mode: value = cpu:stack
353 [29288] INFO perfrun.tpss <> - default obj-size-min=1024
353 [29288] INFO perfrun.tpss <> - default hash-table-size=0
353 [29288] INFO perfrun.launcher <> - plugin [] was disabled because it doesn't support the given collection type.
354 [29288] INFO perfrun.launcher <> - plugin [] was disabled because it doesn't support the given collection type.
354 [29288] INFO perfrun.launcher <> - plugin [] was disabled because it doesn't support the given collection type.
354 [29288] INFO perfrun.launcher <> - plugin [] was disabled because it doesn't support the given collection type.
354 [29288] INFO perfrun.launcher <> - plugin [power] was disabled because it doesn't support the given collection type.
354 [29288] INFO perfrun.launcher <> - plugin [hwloc] was disabled because it doesn't support the given collection type.
354 [29288] INFO perfrun.launcher <> - plugin [ipmwatch] was disabled because it doesn't support the given collection type.
354 [29288] INFO perfrun.launcher <> - plugin [os_counters] was disabled because it doesn't support the given collection type.
354 [29288] INFO perfrun.launcher <> - plugin [l0_metrics] was disabled because it doesn't support the given collection type.
354 [18812] INFO perfrun.launcher <> - set environment variable: PATH = C:\Program Files (x86)\Intel\oneAPI\vtune\latest\bin32\runtime;C:\Program Files (x86)\Intel\oneAPI\vtune\latest\bin64\runtime;C:\Program Files\NVIDIA GPU Computing Toolkit\CUDA\v11.8\bin;C:\Program Files\NVIDIA GPU Computing Toolkit\CUDA\v11.8\libnvvp;C:\Program Files (x86)\Common Files\Oracle\Java\javapath;C:\Program Files (x86)\Common Files\Intel\Shared Libraries\redist\intel64\compiler;C:\Program Files (x86)\Intel\iCLS Client\;C:\Program Files\Intel\iCLS Client\;C:\Windows\system32;C:\Windows;C:\Windows\System32\Wbem;C:\Windows\System32\WindowsPowerShell\v1.0\;C:\Program Files (x86)\NVIDIA Corporation\PhysX\Common;C:\Program Files\Intel\WiFi\bin\;C:\Program Files\Common Files\Intel\WirelessCommon\;C:\Program Files (x86)\Intel\Intel(R) Management Engine Components\DAL;C:\Program Files\Intel\Intel(R) Management Engine Components\DAL;C:\Program Files (x86)\Intel\Intel(R) Management Engine Components\IPT;C:\Program Files\Intel\Intel(R) Management Engine Components\IPT;C:\WINDOWS\system32;C:\WINDOWS;C:\WINDOWS\System32\Wbem;C:\WINDOWS\System32\WindowsPowerShell\v1.0\;C:\WINDOWS\System32\OpenSSH\;C:\Program Files\MATLAB\R2018b\bin;C:\Program Files\NVIDIA Corporation\NVIDIA NvDLISR;C:\WINDOWS\system32;C:\WINDOWS;C:\WINDOWS\System32\Wbem;C:\WINDOWS\System32\WindowsPowerShell\v1.0\;C:\WINDOWS\System32\OpenSSH\;C:\Program Files\nodejs\;C:\Program Files\Git\cmd;C:\Program Files (x86)\Microsoft Visual Studio\2019\BuildTools\Common7\IDE\CommonExtensions\Microsoft\CMake\CMake\bin;C:\Program Files\Git LFS;C:\Program Files\dotnet\;C:\ProgramData\chocolatey\bin;;D:\Docker\resources\bin;C:\Users\migue\AppData\Local\Programs\Python\Python311\Scripts\;C:\Users\migue\AppData\Local\Programs\Python\Python311\;C:\Users\migue\.cargo\bin;D:\Programas\Microchip\mplabc18\v3.40\mpasm;D:\Programas\Microchip\mplabc18\v3.40\bin;C:\Users\migue\AppData\Local\Microsoft\WindowsApps;C:\Program Files\Intel\WiFi\bin\;C:\Program Files\Common Files\Intel\WirelessCommon\;C:\Users\migue\AppData\Local\Programs\Python\Python38-32;C:\Users\migue\AppData\Local\Programs\Python\Python38-32\Scripts;C:\Users\migue\PythonScripts;C:\Users\migue\AppData\Local\Programs\Microsoft VS Code\bin;C:\Users\migue\AppData\Roaming\npm;C:\Program Files\Git\bin;C:\Program Files (x86)\Microsoft Visual Studio\2019\BuildTools\Common7\IDE\CommonExtensions\Microsoft\CMake\CMake\bin;C:\Program Files\libtorch\lib;C:\ffmpeg\bin;C:\hawc2-win32-master;C:\Users\migue\AppData\Local\spicetify;D:\Programas\miktex\miktex\bin\x64\;C:\Program Files\Inkscape;
354 [18812] INFO perfrun.launcher <> - set environment variable: INTEL_LIBITTNOTIFY32 = C:\Program Files (x86)\Intel\oneAPI\vtune\latest\bin32\runtime\ittnotify_collector.dll
355 [18812] INFO perfrun.launcher <> - set environment variable: INTEL_LIBITTNOTIFY64 = C:\Program Files (x86)\Intel\oneAPI\vtune\latest\bin64\runtime\ittnotify_collector.dll
355 [18812] INFO perfrun.launcher <> - set environment variable: INTEL_ITTNOTIFY_GROUPS = 
355 [18812] INFO perfrun.launcher <> - set environment variable: INTEL_JIT_PROFILER32 = C:\Program Files (x86)\Intel\oneAPI\vtune\latest\bin32\runtime\ittnotify_collector.dll
355 [18812] INFO perfrun.launcher <> - set environment variable: INTEL_JIT_PROFILER64 = C:\Program Files (x86)\Intel\oneAPI\vtune\latest\bin64\runtime\ittnotify_collector.dll
356 [18812] INFO perfrun.launcher <> - set environment variable: VS_PROFILER = ittnotify_collector.dll
356 [18812] INFO perfrun.launcher <> - set environment variable: OMP_TOOL_LIBRARIES = C:\Program Files (x86)\Intel\oneAPI\vtune\latest\bin32\runtime\ittnotify_collector.dll;C:\Program Files (x86)\Intel\oneAPI\vtune\latest\bin64\runtime\ittnotify_collector.dll
356 [18812] INFO perfrun.launcher <> - set environment variable: ENABLE_JITPROFILING = 1
356 [18812] INFO perfrun.launcher <> - set environment variable: CL_CONFIG_USE_VTUNE = True
357 [18812] INFO perfrun.launcher <> - set environment variable: KMP_FORKJOIN_FRAMES = 0
357 [18812] INFO perfrun.launcher <> - set environment variable: KMP_FORKJOIN_FRAMES_MODE = 0
357 [18812] INFO perfrun.launcher <> - set environment variable: OMP_TOOL = disabled
357 [18812] INFO perfrun.launcher <> - set environment variable: INTEL_MRTE_DATA_DIR = D:\QBVH-Rust-Ray-Tracer-master\raytracer\r001hs\data.0
358 [18812] INFO perfrun.launcher <> - set environment variable: INTEL_MRTE_HOST_NAME = DESKTOP-22B0NE3
358 [18812] INFO perfrun.launcher <> - set environment variable: JAVA_TOOL_OPTIONS = -agentlib:amplxe_tpssmrte_javaprof_1.0
358 [18812] INFO perfrun.launcher <> - set environment variable: PATH = C:\Program Files (x86)\Intel\oneAPI\vtune\latest\bin32\runtime;C:\Program Files (x86)\Intel\oneAPI\vtune\latest\bin64\runtime;C:\Program Files\NVIDIA GPU Computing Toolkit\CUDA\v11.8\bin;C:\Program Files\NVIDIA GPU Computing Toolkit\CUDA\v11.8\libnvvp;C:\Program Files (x86)\Common Files\Oracle\Java\javapath;C:\Program Files (x86)\Common Files\Intel\Shared Libraries\redist\intel64\compiler;C:\Program Files (x86)\Intel\iCLS Client\;C:\Program Files\Intel\iCLS Client\;C:\Windows\system32;C:\Windows;C:\Windows\System32\Wbem;C:\Windows\System32\WindowsPowerShell\v1.0\;C:\Program Files (x86)\NVIDIA Corporation\PhysX\Common;C:\Program Files\Intel\WiFi\bin\;C:\Program Files\Common Files\Intel\WirelessCommon\;C:\Program Files (x86)\Intel\Intel(R) Management Engine Components\DAL;C:\Program Files\Intel\Intel(R) Management Engine Components\DAL;C:\Program Files (x86)\Intel\Intel(R) Management Engine Components\IPT;C:\Program Files\Intel\Intel(R) Management Engine Components\IPT;C:\WINDOWS\system32;C:\WINDOWS;C:\WINDOWS\System32\Wbem;C:\WINDOWS\System32\WindowsPowerShell\v1.0\;C:\WINDOWS\System32\OpenSSH\;C:\Program Files\MATLAB\R2018b\bin;C:\Program Files\NVIDIA Corporation\NVIDIA NvDLISR;C:\WINDOWS\system32;C:\WINDOWS;C:\WINDOWS\System32\Wbem;C:\WINDOWS\System32\WindowsPowerShell\v1.0\;C:\WINDOWS\System32\OpenSSH\;C:\Program Files\nodejs\;C:\Program Files\Git\cmd;C:\Program Files (x86)\Microsoft Visual Studio\2019\BuildTools\Common7\IDE\CommonExtensions\Microsoft\CMake\CMake\bin;C:\Program Files\Git LFS;C:\Program Files\dotnet\;C:\ProgramData\chocolatey\bin;;D:\Docker\resources\bin;C:\Users\migue\AppData\Local\Programs\Python\Python311\Scripts\;C:\Users\migue\AppData\Local\Programs\Python\Python311\;C:\Users\migue\.cargo\bin;D:\Programas\Microchip\mplabc18\v3.40\mpasm;D:\Programas\Microchip\mplabc18\v3.40\bin;C:\Users\migue\AppData\Local\Microsoft\WindowsApps;C:\Program Files\Intel\WiFi\bin\;C:\Program Files\Common Files\Intel\WirelessCommon\;C:\Users\migue\AppData\Local\Programs\Python\Python38-32;C:\Users\migue\AppData\Local\Programs\Python\Python38-32\Scripts;C:\Users\migue\PythonScripts;C:\Users\migue\AppData\Local\Programs\Microsoft VS Code\bin;C:\Users\migue\AppData\Roaming\npm;C:\Program Files\Git\bin;C:\Program Files (x86)\Microsoft Visual Studio\2019\BuildTools\Common7\IDE\CommonExtensions\Microsoft\CMake\CMake\bin;C:\Program Files\libtorch\lib;C:\ffmpeg\bin;C:\hawc2-win32-master;C:\Users\migue\AppData\Local\spicetify;D:\Programas\miktex\miktex\bin\x64\;C:\Program Files\Inkscape;
359 [18812] INFO perfrun.launcher <> - set environment variable: COR_ENABLE_PROFILING = 1
359 [18812] INFO perfrun.launcher <> - set environment variable: COR_PROFILER = {AA5E4821-E3B1-479c-B7FF-5AD047D22CED}
359 [18812] INFO perfrun.launcher <> - set environment variable: COMPLUS_ProfAPI_ProfilerCompatibilitySetting = EnableV2Profiler
359 [18812] INFO perfrun.launcher <> - set environment variable: CORECLR_ENABLE_PROFILING = 1
359 [18812] INFO perfrun.launcher <> - set environment variable: CORECLR_PROFILER = {AA5E4821-E3B1-479c-B7FF-5AD047D22CED}
360 [18812] INFO perfrun.launcher <> - set environment variable: CORECLR_PROFILER_PATH = C:\Program Files (x86)\Intel\oneAPI\vtune\latest\bin64/amplxe_samplingmrte_clrprof_1.0.dll
360 [18812] INFO perfrun.launcher <> - set environment variable: INTEL_MRTE_PROFILER_MODE = mixed
360 [18812] INFO perfrun.launcher <> - RpcServer: run RPC server to handle requests
365 [18812] INFO perfrun.sdk <> - IProcessUtil: the given executable 'D:\QBVH-Rust-Ray-Tracer-master\target\release\raytracer.exe' is valid.
366 [18812] INFO perfrun.launcher <> - Launcher: command line to start before modification = D:\QBVH-Rust-Ray-Tracer-master\target\release\raytracer.exe -s hdri_sun -a 5 -r 480
369 [18812] INFO perfrun.launcher <> - Launcher: command line to start after modification = C:\Program Files (x86)\Intel\oneAPI\vtune\2022.2.0\bin64\pin.exe -error_file D:\QBVH-Rust-Ray-Tracer-master\raytracer\r001hs\data.0\pinerr.tpsslog -detach_reattach -probe -follow_execv -p32 C:\Program Files (x86)\Intel\oneAPI\vtune\latest\bin32\pin.exe -p64 C:\Program Files (x86)\Intel\oneAPI\vtune\latest\bin64\pin.exe -t64 C:\Program Files (x86)\Intel\oneAPI\vtune\latest\bin64\tpsstool.dll -t C:\Program Files (x86)\Intel\oneAPI\vtune\latest\bin32\tpsstool.dll -server_name tpss_ipc.26380 -prd_dir C:\Program Files (x86)\Intel\oneAPI\vtune\2022.2.0 -- D:\QBVH-Rust-Ray-Tracer-master\target\release\raytracer.exe -s hdri_sun -a 5 -r 480
369 [18812] INFO perfrun.launcher <> - ProcessCreator object was created
373 [18812] INFO perfrun.launcher <> - Launcher: the process was started in suspend mode
386 [29288] INFO perfrun.itt <> - start itt controller for pid #24740
388 [29288] INFO perfrun.tpss <> - start tpss controller for pid #24740
443 [18812] INFO perfrun.launcher <> - Launcher: all plugins were started
443 [18812] INFO perfrun.launcher <> - DirectoryMonitor object was created
444 [18812] INFO perfrun.launcher <> - DirectoryMonitor: a callback was added
444 [18812] INFO perfrun.launcher <> - DirectoryMonitor was started with pingTime = 1000
444 [18812] INFO perfrun.launcher <> - DeadlineTimer is going to be constructed
444 [18812] INFO perfrun.launcher <> - DeadlineTimer: a callback was added
456 [18812] INFO perfrun.launcher <> - Launcher: resume the profiled application and  wait its termination or stop command
5210 [18812] WARN perfrun.sdk <> - Unexpected exit status - 101, at file: C:\BB\INNLphep2w6r\b\tmpraubik\vcs\perfrun1\sdk\src\utils_win.cpp:541
5210 [18812] INFO perfrun.launcher <> - Launcher: the profiled application was terminated  with exit code = 101
5217 [29288] INFO perfrun.itt <> - detach itt controller
5217 [29288] INFO perfrun.itt <> - detach itt controller done
5217 [29288] INFO perfrun.tpss <> - stop tpss controller
5218 [29288] INFO perfrun.sdk <> - De-allocating TMU: D:\QBVH-Rust-Ray-Tracer-master\raytracer\r001hs\data.0\systemcollector-26380-DESKTOP-22B0NE3.sc
5240 [29288] INFO perfrun.system <> - closed the system trace file: D:\QBVH-Rust-Ray-Tracer-master\raytracer\r001hs\data.0\systemcollector-26380-DESKTOP-22B0NE3.sc
5240 [18812] INFO perfrun.launcher <> - Launcher: all plugins were stopped.
5240 [18812] INFO perfrun.launcher <> - DeadlineTimer is going to be destroyed
5241 [18812] INFO perfrun.launcher <> - DeadlineTimer was destroyed
5241 [18812] INFO perfrun.launcher <> - DirectoryMonitor object was destroyed
5241 [18812] WARN perfrun.launcher <> - Stop command is ignored because it is received when collection is already stopped, at file: C:\BB\INNLphep2w6r\b\tmpraubik\vcs\perfrun1\launcher\src\command_handler.cpp:226
5242 [18812] INFO perfrun.launcher <> - Application exit code: 101
5242 [18812] INFO perfrun.launcher <> - Exit code: 4
