170 [26384] INFO perfrun.launcher <> - Launcher main begin
179 [26384] INFO perfrun.launcher <> - MessageCatalogInit finished
179 [26384] INFO perfrun.launcher <> - Launcher instance created
179 [26384] INFO perfrun.launcher <> - argc = 7; cmdline = C:\Program Files (x86)\Intel\oneAPI\vtune\latest\bin64\amplxe-runss.exe --ui-output-format xml --ui-output-fd 1120 --option-file D:\QBVH-Rust-Ray-Tracer-master\raytracer\r003hs\config\runss.options 
197 [26384] INFO perfrun.launcher <> - New signal handler callback was added
288 [26384] INFO perfrun.launcher <> - create msngr2::ICliToolContext
288 [26384] INFO perfrun.launcher <> - create file finder object
288 [26384] INFO perfrun.launcher <> - create a result directory: pattern = D:\QBVH-Rust-Ray-Tracer-master\raytracer\r003hs pid = 4294967295
300 [26384] INFO perfrun.launcher <> - create data directory = D:\QBVH-Rust-Ray-Tracer-master\raytracer\r003hs\data.0
300 [26384] INFO perfrun.launcher <> - Creating the master collection flag
317 [26384] INFO perfrun.launcher <> - Done creating the master collection flag
323 [14692] INFO perfrun.launcher <> - plugin [remoteplug] was disabled because it doesn't support the given collection type.
325 [14692] INFO perfrun.sdk <> - Allocating TMU :D:\QBVH-Rust-Ray-Tracer-master\raytracer\r003hs\data.0\systemcollector-24448-DESKTOP-22B0NE3.sc
325 [14692] INFO perfrun.launcher <> - plugin [] was disabled because it doesn't support the given collection type.
329 [14692] INFO perfrun.launcher <> - plugin [] was disabled because it doesn't support the given collection type.
329 [14692] INFO perfrun.launcher <> - plugin [gpu] was disabled because it doesn't support the given collection type.
329 [14692] INFO perfrun.launcher <> - plugin [etw.kernel] was disabled because it doesn't support the given collection type.
329 [14692] INFO perfrun.launcher <> - plugin [etw.dx] was disabled because it doesn't support the given collection type.
330 [14692] INFO perfrun.launcher <> - plugin [etw.wsa] was disabled because it doesn't support the given collection type.
330 [14692] INFO perfrun.mrte <> - system-wide mode is 0
331 [14692] INFO perfrun.mrte <> - Getting  mrte profiling environment ...
491 [14692] INFO perfrun.mrte <> - INTEL_MRTE_DATA_DIR=D:\QBVH-Rust-Ray-Tracer-master\raytracer\r003hs\data.0
491 [14692] INFO perfrun.mrte <> - INTEL_MRTE_HOST_NAME=DESKTOP-22B0NE3
491 [14692] INFO perfrun.mrte <> - JAVA_TOOL_OPTIONS=-agentlib:amplxe_tpssmrte_javaprof_1.0
491 [14692] INFO perfrun.mrte <> - PATH=C:\Program Files (x86)\Intel\oneAPI\vtune\latest\bin32\runtime;C:\Program Files (x86)\Intel\oneAPI\vtune\latest\bin64\runtime;C:\Program Files\NVIDIA GPU Computing Toolkit\CUDA\v11.8\bin;C:\Program Files\NVIDIA GPU Computing Toolkit\CUDA\v11.8\libnvvp;C:\Program Files (x86)\Common Files\Oracle\Java\javapath;C:\Program Files (x86)\Common Files\Intel\Shared Libraries\redist\intel64\compiler;C:\Program Files (x86)\Intel\iCLS Client\;C:\Program Files\Intel\iCLS Client\;C:\Windows\system32;C:\Windows;C:\Windows\System32\Wbem;C:\Windows\System32\WindowsPowerShell\v1.0\;C:\Program Files (x86)\NVIDIA Corporation\PhysX\Common;C:\Program Files\Intel\WiFi\bin\;C:\Program Files\Common Files\Intel\WirelessCommon\;C:\Program Files (x86)\Intel\Intel(R) Management Engine Components\DAL;C:\Program Files\Intel\Intel(R) Management Engine Components\DAL;C:\Program Files (x86)\Intel\Intel(R) Management Engine Components\IPT;C:\Program Files\Intel\Intel(R) Management Engine Components\IPT;C:\WINDOWS\system32;C:\WINDOWS;C:\WINDOWS\System32\Wbem;C:\WINDOWS\System32\WindowsPowerShell\v1.0\;C:\WINDOWS\System32\OpenSSH\;C:\Program Files\MATLAB\R2018b\bin;C:\Program Files\NVIDIA Corporation\NVIDIA NvDLISR;C:\WINDOWS\system32;C:\WINDOWS;C:\WINDOWS\System32\Wbem;C:\WINDOWS\System32\WindowsPowerShell\v1.0\;C:\WINDOWS\System32\OpenSSH\;C:\Program Files\nodejs\;C:\Program Files\Git\cmd;C:\Program Files (x86)\Microsoft Visual Studio\2019\BuildTools\Common7\IDE\CommonExtensions\Microsoft\CMake\CMake\bin;C:\Program Files\Git LFS;C:\Program Files\dotnet\;C:\ProgramData\chocolatey\bin;;D:\Docker\resources\bin;C:\Users\migue\AppData\Local\Programs\Python\Python311\Scripts\;C:\Users\migue\AppData\Local\Programs\Python\Python311\;C:\Users\migue\.cargo\bin;D:\Programas\Microchip\mplabc18\v3.40\mpasm;D:\Programas\Microchip\mplabc18\v3.40\bin;C:\Users\migue\AppData\Local\Microsoft\WindowsApps;C:\Program Files\Intel\WiFi\bin\;C:\Program Files\Common Files\Intel\WirelessCommon\;C:\Users\migue\AppData\Local\Programs\Python\Python38-32;C:\Users\migue\AppData\Local\Programs\Python\Python38-32\Scripts;C:\Users\migue\PythonScripts;C:\Users\migue\AppData\Local\Programs\Microsoft VS Code\bin;C:\Users\migue\AppData\Roaming\npm;C:\Program Files\Git\bin;C:\Program Files (x86)\Microsoft Visual Studio\2019\BuildTools\Common7\IDE\CommonExtensions\Microsoft\CMake\CMake\bin;C:\Program Files\libtorch\lib;C:\ffmpeg\bin;C:\hawc2-win32-master;C:\Users\migue\AppData\Local\spicetify;D:\Programas\miktex\miktex\bin\x64\;C:\Program Files\Inkscape;
491 [14692] INFO perfrun.mrte <> - COR_ENABLE_PROFILING=1
491 [14692] INFO perfrun.mrte <> - COR_PROFILER={AA5E4821-E3B1-479c-B7FF-5AD047D22CED}
491 [14692] INFO perfrun.mrte <> - COMPLUS_ProfAPI_ProfilerCompatibilitySetting=EnableV2Profiler
491 [14692] INFO perfrun.mrte <> - CORECLR_ENABLE_PROFILING=1
491 [14692] INFO perfrun.mrte <> - CORECLR_PROFILER={AA5E4821-E3B1-479c-B7FF-5AD047D22CED}
491 [14692] INFO perfrun.mrte <> - CORECLR_PROFILER_PATH=C:\Program Files (x86)\Intel\oneAPI\vtune\latest\bin64/amplxe_samplingmrte_clrprof_1.0.dll
491 [14692] INFO perfrun.mrte <> - INTEL_MRTE_PROFILER_MODE=mixed
491 [14692] INFO perfrun.mrte <> - Data directory: D:\QBVH-Rust-Ray-Tracer-master\raytracer\r003hs\data.0
491 [14692] INFO perfrun.mrte <> - Mrte plugin is initialized
491 [14692] INFO perfrun.launcher <> - plugin [emon] was disabled because it doesn't support the given collection type.
492 [14692] INFO perfrun.launcher <> - plugin [cuscol] was disabled because it doesn't support the given collection type.
492 [14692] INFO perfrun.launcher <> - plugin [stdsrc] was disabled because it doesn't support the given collection type.
492 [14692] INFO perfrun.launcher <> - plugin [sep] was disabled because it doesn't support the given collection type.
492 [14692] INFO perfrun.launcher <> - plugin [vtsspp] was disabled because it doesn't support the given collection type.
492 [14692] INFO perfrun.launcher <> - plugin [] was disabled because it doesn't support the given collection type.
492 [14692] INFO perfrun.launcher <> - plugin [aoclprofile] was disabled because it doesn't support the given collection type.
492 [14692] INFO perfrun.tpss <> - initialize tpss controller
492 [14692] INFO perfrun.tpss <> - configure collection mode: value = cpu:counters:nostack
492 [14692] INFO perfrun.tpss <> - configure collection mode: value = cpu:stack
492 [14692] INFO perfrun.tpss <> - default obj-size-min=1024
492 [14692] INFO perfrun.tpss <> - default hash-table-size=0
493 [14692] INFO perfrun.launcher <> - plugin [] was disabled because it doesn't support the given collection type.
493 [14692] INFO perfrun.launcher <> - plugin [] was disabled because it doesn't support the given collection type.
493 [14692] INFO perfrun.launcher <> - plugin [] was disabled because it doesn't support the given collection type.
493 [14692] INFO perfrun.launcher <> - plugin [] was disabled because it doesn't support the given collection type.
493 [14692] INFO perfrun.launcher <> - plugin [power] was disabled because it doesn't support the given collection type.
493 [14692] INFO perfrun.launcher <> - plugin [hwloc] was disabled because it doesn't support the given collection type.
493 [14692] INFO perfrun.launcher <> - plugin [ipmwatch] was disabled because it doesn't support the given collection type.
493 [14692] INFO perfrun.launcher <> - plugin [os_counters] was disabled because it doesn't support the given collection type.
493 [14692] INFO perfrun.launcher <> - plugin [l0_metrics] was disabled because it doesn't support the given collection type.
493 [26384] INFO perfrun.launcher <> - set environment variable: PATH = C:\Program Files (x86)\Intel\oneAPI\vtune\latest\bin32\runtime;C:\Program Files (x86)\Intel\oneAPI\vtune\latest\bin64\runtime;C:\Program Files\NVIDIA GPU Computing Toolkit\CUDA\v11.8\bin;C:\Program Files\NVIDIA GPU Computing Toolkit\CUDA\v11.8\libnvvp;C:\Program Files (x86)\Common Files\Oracle\Java\javapath;C:\Program Files (x86)\Common Files\Intel\Shared Libraries\redist\intel64\compiler;C:\Program Files (x86)\Intel\iCLS Client\;C:\Program Files\Intel\iCLS Client\;C:\Windows\system32;C:\Windows;C:\Windows\System32\Wbem;C:\Windows\System32\WindowsPowerShell\v1.0\;C:\Program Files (x86)\NVIDIA Corporation\PhysX\Common;C:\Program Files\Intel\WiFi\bin\;C:\Program Files\Common Files\Intel\WirelessCommon\;C:\Program Files (x86)\Intel\Intel(R) Management Engine Components\DAL;C:\Program Files\Intel\Intel(R) Management Engine Components\DAL;C:\Program Files (x86)\Intel\Intel(R) Management Engine Components\IPT;C:\Program Files\Intel\Intel(R) Management Engine Components\IPT;C:\WINDOWS\system32;C:\WINDOWS;C:\WINDOWS\System32\Wbem;C:\WINDOWS\System32\WindowsPowerShell\v1.0\;C:\WINDOWS\System32\OpenSSH\;C:\Program Files\MATLAB\R2018b\bin;C:\Program Files\NVIDIA Corporation\NVIDIA NvDLISR;C:\WINDOWS\system32;C:\WINDOWS;C:\WINDOWS\System32\Wbem;C:\WINDOWS\System32\WindowsPowerShell\v1.0\;C:\WINDOWS\System32\OpenSSH\;C:\Program Files\nodejs\;C:\Program Files\Git\cmd;C:\Program Files (x86)\Microsoft Visual Studio\2019\BuildTools\Common7\IDE\CommonExtensions\Microsoft\CMake\CMake\bin;C:\Program Files\Git LFS;C:\Program Files\dotnet\;C:\ProgramData\chocolatey\bin;;D:\Docker\resources\bin;C:\Users\migue\AppData\Local\Programs\Python\Python311\Scripts\;C:\Users\migue\AppData\Local\Programs\Python\Python311\;C:\Users\migue\.cargo\bin;D:\Programas\Microchip\mplabc18\v3.40\mpasm;D:\Programas\Microchip\mplabc18\v3.40\bin;C:\Users\migue\AppData\Local\Microsoft\WindowsApps;C:\Program Files\Intel\WiFi\bin\;C:\Program Files\Common Files\Intel\WirelessCommon\;C:\Users\migue\AppData\Local\Programs\Python\Python38-32;C:\Users\migue\AppData\Local\Programs\Python\Python38-32\Scripts;C:\Users\migue\PythonScripts;C:\Users\migue\AppData\Local\Programs\Microsoft VS Code\bin;C:\Users\migue\AppData\Roaming\npm;C:\Program Files\Git\bin;C:\Program Files (x86)\Microsoft Visual Studio\2019\BuildTools\Common7\IDE\CommonExtensions\Microsoft\CMake\CMake\bin;C:\Program Files\libtorch\lib;C:\ffmpeg\bin;C:\hawc2-win32-master;C:\Users\migue\AppData\Local\spicetify;D:\Programas\miktex\miktex\bin\x64\;C:\Program Files\Inkscape;
493 [26384] INFO perfrun.launcher <> - set environment variable: INTEL_LIBITTNOTIFY32 = C:\Program Files (x86)\Intel\oneAPI\vtune\latest\bin32\runtime\ittnotify_collector.dll
493 [26384] INFO perfrun.launcher <> - set environment variable: INTEL_LIBITTNOTIFY64 = C:\Program Files (x86)\Intel\oneAPI\vtune\latest\bin64\runtime\ittnotify_collector.dll
494 [26384] INFO perfrun.launcher <> - set environment variable: INTEL_ITTNOTIFY_GROUPS = 
494 [26384] INFO perfrun.launcher <> - set environment variable: INTEL_JIT_PROFILER32 = C:\Program Files (x86)\Intel\oneAPI\vtune\latest\bin32\runtime\ittnotify_collector.dll
494 [26384] INFO perfrun.launcher <> - set environment variable: INTEL_JIT_PROFILER64 = C:\Program Files (x86)\Intel\oneAPI\vtune\latest\bin64\runtime\ittnotify_collector.dll
494 [26384] INFO perfrun.launcher <> - set environment variable: VS_PROFILER = ittnotify_collector.dll
494 [26384] INFO perfrun.launcher <> - set environment variable: OMP_TOOL_LIBRARIES = C:\Program Files (x86)\Intel\oneAPI\vtune\latest\bin32\runtime\ittnotify_collector.dll;C:\Program Files (x86)\Intel\oneAPI\vtune\latest\bin64\runtime\ittnotify_collector.dll
494 [26384] INFO perfrun.launcher <> - set environment variable: ENABLE_JITPROFILING = 1
494 [26384] INFO perfrun.launcher <> - set environment variable: CL_CONFIG_USE_VTUNE = True
494 [26384] INFO perfrun.launcher <> - set environment variable: KMP_FORKJOIN_FRAMES = 0
494 [26384] INFO perfrun.launcher <> - set environment variable: KMP_FORKJOIN_FRAMES_MODE = 0
495 [26384] INFO perfrun.launcher <> - set environment variable: OMP_TOOL = disabled
495 [26384] INFO perfrun.launcher <> - set environment variable: INTEL_MRTE_DATA_DIR = D:\QBVH-Rust-Ray-Tracer-master\raytracer\r003hs\data.0
495 [26384] INFO perfrun.launcher <> - set environment variable: INTEL_MRTE_HOST_NAME = DESKTOP-22B0NE3
495 [26384] INFO perfrun.launcher <> - set environment variable: JAVA_TOOL_OPTIONS = -agentlib:amplxe_tpssmrte_javaprof_1.0
495 [26384] INFO perfrun.launcher <> - set environment variable: PATH = C:\Program Files (x86)\Intel\oneAPI\vtune\latest\bin32\runtime;C:\Program Files (x86)\Intel\oneAPI\vtune\latest\bin64\runtime;C:\Program Files\NVIDIA GPU Computing Toolkit\CUDA\v11.8\bin;C:\Program Files\NVIDIA GPU Computing Toolkit\CUDA\v11.8\libnvvp;C:\Program Files (x86)\Common Files\Oracle\Java\javapath;C:\Program Files (x86)\Common Files\Intel\Shared Libraries\redist\intel64\compiler;C:\Program Files (x86)\Intel\iCLS Client\;C:\Program Files\Intel\iCLS Client\;C:\Windows\system32;C:\Windows;C:\Windows\System32\Wbem;C:\Windows\System32\WindowsPowerShell\v1.0\;C:\Program Files (x86)\NVIDIA Corporation\PhysX\Common;C:\Program Files\Intel\WiFi\bin\;C:\Program Files\Common Files\Intel\WirelessCommon\;C:\Program Files (x86)\Intel\Intel(R) Management Engine Components\DAL;C:\Program Files\Intel\Intel(R) Management Engine Components\DAL;C:\Program Files (x86)\Intel\Intel(R) Management Engine Components\IPT;C:\Program Files\Intel\Intel(R) Management Engine Components\IPT;C:\WINDOWS\system32;C:\WINDOWS;C:\WINDOWS\System32\Wbem;C:\WINDOWS\System32\WindowsPowerShell\v1.0\;C:\WINDOWS\System32\OpenSSH\;C:\Program Files\MATLAB\R2018b\bin;C:\Program Files\NVIDIA Corporation\NVIDIA NvDLISR;C:\WINDOWS\system32;C:\WINDOWS;C:\WINDOWS\System32\Wbem;C:\WINDOWS\System32\WindowsPowerShell\v1.0\;C:\WINDOWS\System32\OpenSSH\;C:\Program Files\nodejs\;C:\Program Files\Git\cmd;C:\Program Files (x86)\Microsoft Visual Studio\2019\BuildTools\Common7\IDE\CommonExtensions\Microsoft\CMake\CMake\bin;C:\Program Files\Git LFS;C:\Program Files\dotnet\;C:\ProgramData\chocolatey\bin;;D:\Docker\resources\bin;C:\Users\migue\AppData\Local\Programs\Python\Python311\Scripts\;C:\Users\migue\AppData\Local\Programs\Python\Python311\;C:\Users\migue\.cargo\bin;D:\Programas\Microchip\mplabc18\v3.40\mpasm;D:\Programas\Microchip\mplabc18\v3.40\bin;C:\Users\migue\AppData\Local\Microsoft\WindowsApps;C:\Program Files\Intel\WiFi\bin\;C:\Program Files\Common Files\Intel\WirelessCommon\;C:\Users\migue\AppData\Local\Programs\Python\Python38-32;C:\Users\migue\AppData\Local\Programs\Python\Python38-32\Scripts;C:\Users\migue\PythonScripts;C:\Users\migue\AppData\Local\Programs\Microsoft VS Code\bin;C:\Users\migue\AppData\Roaming\npm;C:\Program Files\Git\bin;C:\Program Files (x86)\Microsoft Visual Studio\2019\BuildTools\Common7\IDE\CommonExtensions\Microsoft\CMake\CMake\bin;C:\Program Files\libtorch\lib;C:\ffmpeg\bin;C:\hawc2-win32-master;C:\Users\migue\AppData\Local\spicetify;D:\Programas\miktex\miktex\bin\x64\;C:\Program Files\Inkscape;
495 [26384] INFO perfrun.launcher <> - set environment variable: COR_ENABLE_PROFILING = 1
496 [26384] INFO perfrun.launcher <> - set environment variable: COR_PROFILER = {AA5E4821-E3B1-479c-B7FF-5AD047D22CED}
496 [26384] INFO perfrun.launcher <> - set environment variable: COMPLUS_ProfAPI_ProfilerCompatibilitySetting = EnableV2Profiler
496 [26384] INFO perfrun.launcher <> - set environment variable: CORECLR_ENABLE_PROFILING = 1
496 [26384] INFO perfrun.launcher <> - set environment variable: CORECLR_PROFILER = {AA5E4821-E3B1-479c-B7FF-5AD047D22CED}
496 [26384] INFO perfrun.launcher <> - set environment variable: CORECLR_PROFILER_PATH = C:\Program Files (x86)\Intel\oneAPI\vtune\latest\bin64/amplxe_samplingmrte_clrprof_1.0.dll
496 [26384] INFO perfrun.launcher <> - set environment variable: INTEL_MRTE_PROFILER_MODE = mixed
498 [26384] INFO perfrun.launcher <> - RpcServer: run RPC server to handle requests
504 [26384] INFO perfrun.sdk <> - IProcessUtil: the given executable 'D:\QBVH-Rust-Ray-Tracer-master\target\release\raytracer.exe' is valid.
504 [26384] INFO perfrun.launcher <> - Launcher: command line to start before modification = D:\QBVH-Rust-Ray-Tracer-master\target\release\raytracer.exe -s basic -a 200 -r 720
509 [26384] INFO perfrun.launcher <> - Launcher: command line to start after modification = C:\Program Files (x86)\Intel\oneAPI\vtune\2022.2.0\bin64\pin.exe -error_file D:\QBVH-Rust-Ray-Tracer-master\raytracer\r003hs\data.0\pinerr.tpsslog -detach_reattach -probe -follow_execv -p32 C:\Program Files (x86)\Intel\oneAPI\vtune\latest\bin32\pin.exe -p64 C:\Program Files (x86)\Intel\oneAPI\vtune\latest\bin64\pin.exe -t64 C:\Program Files (x86)\Intel\oneAPI\vtune\latest\bin64\tpsstool.dll -t C:\Program Files (x86)\Intel\oneAPI\vtune\latest\bin32\tpsstool.dll -server_name tpss_ipc.24448 -prd_dir C:\Program Files (x86)\Intel\oneAPI\vtune\2022.2.0 -- D:\QBVH-Rust-Ray-Tracer-master\target\release\raytracer.exe -s basic -a 200 -r 720
510 [26384] INFO perfrun.launcher <> - ProcessCreator object was created
515 [26384] INFO perfrun.launcher <> - Launcher: the process was started in suspend mode
518 [14692] INFO perfrun.itt <> - start itt controller for pid #28368
519 [14692] INFO perfrun.tpss <> - start tpss controller for pid #28368
576 [26384] INFO perfrun.launcher <> - Launcher: all plugins were started
577 [26384] INFO perfrun.launcher <> - DirectoryMonitor object was created
577 [26384] INFO perfrun.launcher <> - DirectoryMonitor: a callback was added
578 [26384] INFO perfrun.launcher <> - DirectoryMonitor was started with pingTime = 1000
578 [26384] INFO perfrun.launcher <> - DeadlineTimer is going to be constructed
579 [26384] INFO perfrun.launcher <> - DeadlineTimer: a callback was added
592 [26384] INFO perfrun.launcher <> - Launcher: resume the profiled application and  wait its termination or stop command
32623 [26384] INFO perfrun.launcher <> - Launcher: the profiled application was terminated  with exit code = 0
32644 [14692] INFO perfrun.itt <> - detach itt controller
32644 [14692] INFO perfrun.itt <> - detach itt controller done
32644 [14692] INFO perfrun.tpss <> - stop tpss controller
32647 [14692] INFO perfrun.sdk <> - De-allocating TMU: D:\QBVH-Rust-Ray-Tracer-master\raytracer\r003hs\data.0\systemcollector-24448-DESKTOP-22B0NE3.sc
32673 [14692] INFO perfrun.system <> - closed the system trace file: D:\QBVH-Rust-Ray-Tracer-master\raytracer\r003hs\data.0\systemcollector-24448-DESKTOP-22B0NE3.sc
32673 [26384] INFO perfrun.launcher <> - Launcher: all plugins were stopped.
32674 [26384] INFO perfrun.launcher <> - DeadlineTimer is going to be destroyed
32674 [26384] INFO perfrun.launcher <> - DeadlineTimer was destroyed
32675 [26384] INFO perfrun.launcher <> - DirectoryMonitor object was destroyed
32675 [26384] WARN perfrun.launcher <> - Stop command is ignored because it is received when collection is already stopped, at file: C:\BB\INNLphep2w6r\b\tmpraubik\vcs\perfrun1\launcher\src\command_handler.cpp:226
32677 [26384] INFO perfrun.launcher <> - Application exit code: 0
32677 [26384] INFO perfrun.launcher <> - Exit code: 0
